#
# There is insufficient memory for the Java Runtime Environment to continue.
# Native memory allocation (malloc) failed to allocate 32744 bytes for ChunkPool::allocate
# Possible reasons:
#   The system is out of physical RAM or swap space
#   The process is running with CompressedOops enabled, and the Java Heap may be blocking the growth of the native heap
# Possible solutions:
#   Reduce memory load on the system
#   Increase physical memory or swap space
#   Check if swap backing store is full
#   Decrease Java heap size (-Xmx/-Xms)
#   Decrease number of Java threads
#   Decrease Java thread stack sizes (-Xss)
#   Set larger code cache with -XX:ReservedCodeCacheSize=
#   JVM is running with Unscaled Compressed Oops mode in which the Java heap is
#     placed in the first 4GB address space. The Java Heap base address is the
#     maximum limit for the native heap growth. Please use -XX:HeapBaseMinAddress
#     to set the Java Heap base and to place the Java Heap above 4GB virtual address.
# This output file may be truncated or incomplete.
#
#  Out of Memory Error (./src/hotspot/share/memory/arena.cpp:81), pid=13560, tid=6272
#
# JRE version: OpenJDK Runtime Environment (11.0.10) (build 11.0.10+0-b96-7249189)
# Java VM: OpenJDK 64-Bit Server VM (11.0.10+0-b96-7249189, mixed mode, tiered, compressed oops, g1 gc, windows-amd64)
# No core dump will be written. Minidumps are not enabled by default on client versions of Windows
#

---------------  S U M M A R Y ------------

Command Line: --add-opens=java.base/java.util=ALL-UNNAMED --add-opens=java.base/java.lang=ALL-UNNAMED --add-opens=java.base/java.lang.invoke=ALL-UNNAMED --add-opens=java.base/java.util=ALL-UNNAMED --add-opens=java.prefs/java.util.prefs=ALL-UNNAMED --add-opens=java.prefs/java.util.prefs=ALL-UNNAMED --add-opens=java.base/java.nio.charset=ALL-UNNAMED --add-opens=java.base/java.net=ALL-UNNAMED --add-opens=java.base/java.util.concurrent.atomic=ALL-UNNAMED -Xmx2048m -Dfile.encoding=UTF-8 -Duser.country=ID -Duser.language=en -Duser.variant org.gradle.launcher.daemon.bootstrap.GradleDaemon 7.0.2

Host: AMD A4-9120e RADEON R3, 4 COMPUTE CORES 2C+2G  , 2 cores, 3G,  Windows 10 , 64 bit Build 19041 (10.0.19041.1202)
Time: Mon Oct 11 21:45:12 2021 Malay Peninsula Standard Time elapsed time: 256.413099 seconds (0d 0h 4m 16s)

---------------  T H R E A D  ---------------

Current thread (0x00000275fffa1800):  JavaThread "C2 CompilerThread0" daemon [_thread_in_native, id=6272, stack(0x000000de93000000,0x000000de93100000)]


Current CompileTask:
C2: 256413 18387       4       com.android.tools.r8.ir.regalloc.a::a (3985 bytes)

Stack: [0x000000de93000000,0x000000de93100000]
Native frames: (J=compiled Java code, j=interpreted, Vv=VM code, C=native code)
V  [jvm.dll+0x5ecfaa]
V  [jvm.dll+0x722bd5]
V  [jvm.dll+0x72412d]
V  [jvm.dll+0x7247e3]
V  [jvm.dll+0x242928]
V  [jvm.dll+0xbc75b]
V  [jvm.dll+0xbca0c]
V  [jvm.dll+0xbc608]
V  [jvm.dll+0x5cc470]
V  [jvm.dll+0x61cfee]
V  [jvm.dll+0x1980d8]
V  [jvm.dll+0x1fb70e]
V  [jvm.dll+0x1fa7f4]
V  [jvm.dll+0x18354c]
V  [jvm.dll+0x208ee7]
V  [jvm.dll+0x207731]
V  [jvm.dll+0x6eb1cf]
V  [jvm.dll+0x6e3d45]
V  [jvm.dll+0x5ebe96]
C  [ucrtbase.dll+0x21bb2]
C  [KERNEL32.DLL+0x17034]
C  [ntdll.dll+0x52651]


---------------  P R O C E S S  ---------------

Threads class SMR info:
_java_thread_list=0x000002758b714570, length=47, elements={
0x00000275e88fb000, 0x00000275fff40000, 0x00000275fff41800, 0x00000275fff9b000,
0x00000275fff9c000, 0x00000275fff9d000, 0x00000275fffa1800, 0x0000027584931000,
0x000002758494c000, 0x0000027584a34800, 0x0000027585596800, 0x0000027585bc9000,
0x000002758610d800, 0x0000027585e82800, 0x0000027586010000, 0x00000275851dc800,
0x000002758594e800, 0x0000027584d26000, 0x0000027584e5a800, 0x0000027584e5a000,
0x0000027584e5b800, 0x0000027584e5d000, 0x0000027584e59000, 0x0000027584e5c800,
0x0000027584e5e000, 0x0000027584e58000, 0x0000027584e5e800, 0x0000027587358000,
0x0000027587353800, 0x000002758735a000, 0x0000027587359000, 0x0000027587354000,
0x0000027587355000, 0x000002758735b800, 0x0000027587355800, 0x0000027587361000,
0x000002758735e800, 0x0000027587362000, 0x000002758735c000, 0x000002758735d000,
0x000002758735e000, 0x000002758735f800, 0x000002758ba53000, 0x000002758ba55800,
0x000002758ba54000, 0x000002758ba52000, 0x000002758ba54800
}

Java Threads: ( => current thread )
  0x00000275e88fb000 JavaThread "main" [_thread_blocked, id=12784, stack(0x000000de92400000,0x000000de92500000)]
  0x00000275fff40000 JavaThread "Reference Handler" daemon [_thread_blocked, id=6216, stack(0x000000de92b00000,0x000000de92c00000)]
  0x00000275fff41800 JavaThread "Finalizer" daemon [_thread_blocked, id=8476, stack(0x000000de92c00000,0x000000de92d00000)]
  0x00000275fff9b000 JavaThread "Signal Dispatcher" daemon [_thread_blocked, id=8924, stack(0x000000de92d00000,0x000000de92e00000)]
  0x00000275fff9c000 JavaThread "Attach Listener" daemon [_thread_blocked, id=4020, stack(0x000000de92e00000,0x000000de92f00000)]
  0x00000275fff9d000 JavaThread "Service Thread" daemon [_thread_blocked, id=6820, stack(0x000000de92f00000,0x000000de93000000)]
=>0x00000275fffa1800 JavaThread "C2 CompilerThread0" daemon [_thread_in_native, id=6272, stack(0x000000de93000000,0x000000de93100000)]
  0x0000027584931000 JavaThread "C1 CompilerThread0" daemon [_thread_blocked, id=8520, stack(0x000000de93100000,0x000000de93200000)]
  0x000002758494c000 JavaThread "Sweeper thread" daemon [_thread_blocked, id=10892, stack(0x000000de93200000,0x000000de93300000)]
  0x0000027584a34800 JavaThread "Common-Cleaner" daemon [_thread_blocked, id=11300, stack(0x000000de93300000,0x000000de93400000)]
  0x0000027585596800 JavaThread "Daemon health stats" [_thread_blocked, id=8268, stack(0x000000de93600000,0x000000de93700000)]
  0x0000027585bc9000 JavaThread "Incoming local TCP Connector on port 61819" [_thread_in_native, id=6544, stack(0x000000de93700000,0x000000de93800000)]
  0x000002758610d800 JavaThread "Daemon periodic checks" [_thread_blocked, id=7876, stack(0x000000de93800000,0x000000de93900000)]
  0x0000027585e82800 JavaThread "Daemon" [_thread_blocked, id=5544, stack(0x000000de93900000,0x000000de93a00000)]
  0x0000027586010000 JavaThread "Handler for socket connection from /127.0.0.1:61819 to /127.0.0.1:61820" [_thread_in_native, id=2180, stack(0x000000de93a00000,0x000000de93b00000)]
  0x00000275851dc800 JavaThread "Cancel handler" [_thread_blocked, id=9704, stack(0x000000de93b00000,0x000000de93c00000)]
  0x000002758594e800 JavaThread "Daemon worker" [_thread_blocked, id=15604, stack(0x000000de93c00000,0x000000de93d00000)]
  0x0000027584d26000 JavaThread "Asynchronous log dispatcher for DefaultDaemonConnection: socket connection from /127.0.0.1:61819 to /127.0.0.1:61820" [_thread_blocked, id=10464, stack(0x000000de93d00000,0x000000de93e00000)]
  0x0000027584e5a800 JavaThread "Daemon client event forwarder" [_thread_blocked, id=10472, stack(0x000000de93f00000,0x000000de94000000)]
  0x0000027584e5a000 JavaThread "Cache worker for file hash cache (C:\Users\STT PLN\.gradle\caches\7.0.2\fileHashes)" [_thread_blocked, id=15032, stack(0x000000de94000000,0x000000de94100000)]
  0x0000027584e5b800 JavaThread "File lock request listener" [_thread_in_native, id=7964, stack(0x000000de94100000,0x000000de94200000)]
  0x0000027584e5d000 JavaThread "Cache worker for journal cache (C:\Users\STT PLN\.gradle\caches\journal-1)" [_thread_blocked, id=13432, stack(0x000000de94200000,0x000000de94300000)]
  0x0000027584e59000 JavaThread "Cache worker for file hash cache (C:\Users\STT PLN\AndroidStudioProjects\Pratikum1\.gradle\7.0.2\fileHashes)" [_thread_blocked, id=13028, stack(0x000000de94300000,0x000000de94400000)]
  0x0000027584e5c800 JavaThread "File watcher server" daemon [_thread_in_native, id=14696, stack(0x000000de94400000,0x000000de94500000)]
  0x0000027584e5e000 JavaThread "File watcher consumer" daemon [_thread_blocked, id=10180, stack(0x000000de94500000,0x000000de94600000)]
  0x0000027584e58000 JavaThread "Cache worker for checksums cache (C:\Users\STT PLN\AndroidStudioProjects\Pratikum1\.gradle\checksums)" [_thread_blocked, id=16300, stack(0x000000de94600000,0x000000de94700000)]
  0x0000027584e5e800 JavaThread "Cache worker for cache directory md-supplier (C:\Users\STT PLN\.gradle\caches\7.0.2\md-supplier)" [_thread_blocked, id=10904, stack(0x000000de94700000,0x000000de94800000)]
  0x0000027587358000 JavaThread "Cache worker for cache directory md-rule (C:\Users\STT PLN\.gradle\caches\7.0.2\md-rule)" [_thread_blocked, id=12128, stack(0x000000de94800000,0x000000de94900000)]
  0x0000027587353800 JavaThread "Cache worker for execution history cache (C:\Users\STT PLN\.gradle\caches\7.0.2\executionHistory)" [_thread_blocked, id=10044, stack(0x000000de94900000,0x000000de94a00000)]
  0x000002758735a000 JavaThread "jar transforms" [_thread_blocked, id=8620, stack(0x000000de94a00000,0x000000de94b00000)]
  0x0000027587359000 JavaThread "jar transforms Thread 2" [_thread_blocked, id=13916, stack(0x000000de94b00000,0x000000de94c00000)]
  0x0000027587354000 JavaThread "Cache worker for file content cache (C:\Users\STT PLN\.gradle\caches\7.0.2\fileContent)" [_thread_blocked, id=6840, stack(0x000000de94c00000,0x000000de94d00000)]
  0x0000027587355000 JavaThread "Cache worker for dependencies-accessors (C:\Users\STT PLN\AndroidStudioProjects\Pratikum1\.gradle\7.0.2\dependencies-accessors)" [_thread_blocked, id=14256, stack(0x000000de92200000,0x000000de92300000)]
  0x000002758735b800 JavaThread "Cache worker for Build Output Cleanup Cache (C:\Users\STT PLN\AndroidStudioProjects\Pratikum1\.gradle\buildOutputCleanup)" [_thread_blocked, id=11156, stack(0x000000de94d00000,0x000000de94e00000)]
  0x0000027587355800 JavaThread "Build operations" [_thread_in_Java, id=12092, stack(0x000000de94e00000,0x000000de94f00000)]
  0x0000027587361000 JavaThread "Build operations Thread 2" [_thread_in_Java, id=6776, stack(0x000000de94f00000,0x000000de95000000)]
  0x000002758735e800 JavaThread "Memory manager" [_thread_blocked, id=12508, stack(0x000000de95200000,0x000000de95300000)]
  0x0000027587362000 JavaThread "build event listener" [_thread_blocked, id=13848, stack(0x000000de92100000,0x000000de92200000)]
  0x000002758735c000 JavaThread "Execution worker for ':'" [_thread_blocked, id=4688, stack(0x000000de92300000,0x000000de92400000)]
  0x000002758735d000 JavaThread "Cache worker for execution history cache (C:\Users\STT PLN\AndroidStudioProjects\Pratikum1\.gradle\7.0.2\executionHistory)" [_thread_blocked, id=10972, stack(0x000000de93e00000,0x000000de93f00000)]
  0x000002758735e000 JavaThread "WorkerExecutor Queue" [_thread_blocked, id=4568, stack(0x000000de95300000,0x000000de95400000)]
  0x000002758735f800 JavaThread "WorkerExecutor Queue Thread 2" [_thread_blocked, id=15088, stack(0x000000de95400000,0x000000de95500000)]
  0x000002758ba53000 JavaThread "pool-3-thread-1" [_thread_blocked, id=10568, stack(0x000000de95500000,0x000000de95600000)]
  0x000002758ba55800 JavaThread "stderr" [_thread_in_native, id=14784, stack(0x000000de95600000,0x000000de95700000)]
  0x000002758ba54000 JavaThread "stdout" [_thread_in_native, id=16264, stack(0x000000de95700000,0x000000de95800000)]
  0x000002758ba52000 JavaThread "stderr" [_thread_in_native, id=10628, stack(0x000000de95800000,0x000000de95900000)]
  0x000002758ba54800 JavaThread "stdout" [_thread_in_native, id=14816, stack(0x000000de95900000,0x000000de95a00000)]

Other Threads:
  0x00000275fff01000 VMThread "VM Thread" [stack: 0x000000de92a00000,0x000000de92b00000] [id=14644]
  0x0000027584a63800 WatcherThread [stack: 0x000000de93400000,0x000000de93500000] [id=9968]
  0x00000275e8912800 GCTaskThread "GC Thread#0" [stack: 0x000000de92500000,0x000000de92600000] [id=5468]
  0x0000027584bf5000 GCTaskThread "GC Thread#1" [stack: 0x000000de93500000,0x000000de93600000] [id=4844]
  0x00000275e8944000 ConcurrentGCThread "G1 Main Marker" [stack: 0x000000de92600000,0x000000de92700000] [id=14900]
  0x00000275e8945800 ConcurrentGCThread "G1 Conc#0" [stack: 0x000000de92700000,0x000000de92800000] [id=10712]
  0x00000275e8996000 ConcurrentGCThread "G1 Refine#0" [stack: 0x000000de92800000,0x000000de92900000] [id=14824]
  0x00000275e8997800 ConcurrentGCThread "G1 Young RemSet Sampling" [stack: 0x000000de92900000,0x000000de92a00000] [id=14232]

Threads with active compile tasks:
C2 CompilerThread0 256537 18387       4       com.android.tools.r8.ir.regalloc.a::a (3985 bytes)

VM state:not at safepoint (normal execution)

VM Mutex/Monitor currently owned by a thread: None

Heap address: 0x0000000080000000, size: 2048 MB, Compressed Oops mode: 32-bit
Narrow klass base: 0x0000000000000000, Narrow klass shift: 3
Compressed class space size: 1073741824 Address: 0x0000000100000000

Heap:
 garbage-first heap   total 205824K, used 124459K [0x0000000080000000, 0x0000000100000000)
  region size 1024K, 7 young (7168K), 3 survivors (3072K)
 Metaspace       used 116640K, capacity 119457K, committed 119628K, reserved 1153024K
  class space    used 14565K, capacity 15607K, committed 15744K, reserved 1048576K
Heap Regions: E=young(eden), S=young(survivor), O=old, HS=humongous(starts), HC=humongous(continues), CS=collection set, F=free, A=archive, TAMS=top-at-mark-start (previous, next)
|   0|0x0000000080000000, 0x0000000080100000, 0x0000000080100000|100%| O|  |TAMS 0x0000000080100000, 0x0000000080000000| Untracked 
|   1|0x0000000080100000, 0x0000000080200000, 0x0000000080200000|100%| O|  |TAMS 0x0000000080200000, 0x0000000080100000| Untracked 
|   2|0x0000000080200000, 0x0000000080300000, 0x0000000080300000|100%| O|  |TAMS 0x0000000080300000, 0x0000000080200000| Untracked 
|   3|0x0000000080300000, 0x0000000080400000, 0x0000000080400000|100%| O|  |TAMS 0x0000000080400000, 0x0000000080300000| Untracked 
|   4|0x0000000080400000, 0x0000000080500000, 0x0000000080500000|100%|HS|  |TAMS 0x0000000080500000, 0x0000000080400000| Complete 
|   5|0x0000000080500000, 0x0000000080600000, 0x0000000080600000|100%|HC|  |TAMS 0x0000000080600000, 0x0000000080500000| Complete 
|   6|0x0000000080600000, 0x0000000080700000, 0x0000000080700000|100%|HC|  |TAMS 0x0000000080700000, 0x0000000080600000| Complete 
|   7|0x0000000080700000, 0x0000000080800000, 0x0000000080800000|100%| O|  |TAMS 0x0000000080800000, 0x0000000080700000| Untracked 
|   8|0x0000000080800000, 0x0000000080900000, 0x0000000080900000|100%| O|  |TAMS 0x0000000080900000, 0x0000000080800000| Untracked 
|   9|0x0000000080900000, 0x0000000080a00000, 0x0000000080a00000|100%| O|  |TAMS 0x0000000080a00000, 0x0000000080900000| Untracked 
|  10|0x0000000080a00000, 0x0000000080b00000, 0x0000000080b00000|100%| O|  |TAMS 0x0000000080b00000, 0x0000000080a00000| Untracked 
|  11|0x0000000080b00000, 0x0000000080c00000, 0x0000000080c00000|100%| O|  |TAMS 0x0000000080c00000, 0x0000000080b00000| Untracked 
|  12|0x0000000080c00000, 0x0000000080d00000, 0x0000000080d00000|100%| O|  |TAMS 0x0000000080d00000, 0x0000000080c00000| Untracked 
|  13|0x0000000080d00000, 0x0000000080e00000, 0x0000000080e00000|100%| O|  |TAMS 0x0000000080e00000, 0x0000000080d00000| Untracked 
|  14|0x0000000080e00000, 0x0000000080f00000, 0x0000000080f00000|100%| O|  |TAMS 0x0000000080f00000, 0x0000000080e00000| Untracked 
|  15|0x0000000080f00000, 0x0000000081000000, 0x0000000081000000|100%| O|  |TAMS 0x0000000081000000, 0x0000000080f00000| Untracked 
|  16|0x0000000081000000, 0x0000000081100000, 0x0000000081100000|100%| O|  |TAMS 0x0000000081100000, 0x0000000081000000| Untracked 
|  17|0x0000000081100000, 0x0000000081200000, 0x0000000081200000|100%| O|  |TAMS 0x0000000081200000, 0x0000000081100000| Untracked 
|  18|0x0000000081200000, 0x0000000081300000, 0x0000000081300000|100%| O|  |TAMS 0x0000000081300000, 0x0000000081200000| Untracked 
|  19|0x0000000081300000, 0x0000000081400000, 0x0000000081400000|100%| O|  |TAMS 0x0000000081400000, 0x0000000081300000| Untracked 
|  20|0x0000000081400000, 0x0000000081500000, 0x0000000081500000|100%| O|  |TAMS 0x0000000081500000, 0x0000000081400000| Untracked 
|  21|0x0000000081500000, 0x0000000081600000, 0x0000000081600000|100%| O|  |TAMS 0x0000000081600000, 0x0000000081500000| Untracked 
|  22|0x0000000081600000, 0x0000000081700000, 0x0000000081700000|100%| O|  |TAMS 0x0000000081700000, 0x0000000081600000| Untracked 
|  23|0x0000000081700000, 0x0000000081800000, 0x0000000081800000|100%| O|  |TAMS 0x0000000081800000, 0x0000000081700000| Untracked 
|  24|0x0000000081800000, 0x0000000081900000, 0x0000000081900000|100%| O|  |TAMS 0x0000000081900000, 0x0000000081800000| Untracked 
|  25|0x0000000081900000, 0x0000000081a00000, 0x0000000081a00000|100%| O|  |TAMS 0x0000000081a00000, 0x0000000081900000| Untracked 
|  26|0x0000000081a00000, 0x0000000081b00000, 0x0000000081b00000|100%| O|  |TAMS 0x0000000081b00000, 0x0000000081a00000| Untracked 
|  27|0x0000000081b00000, 0x0000000081c00000, 0x0000000081c00000|100%|HS|  |TAMS 0x0000000081c00000, 0x0000000081b00000| Complete 
|  28|0x0000000081c00000, 0x0000000081d00000, 0x0000000081d00000|100%|HS|  |TAMS 0x0000000081d00000, 0x0000000081c00000| Complete 
|  29|0x0000000081d00000, 0x0000000081e00000, 0x0000000081e00000|100%| O|  |TAMS 0x0000000081e00000, 0x0000000081d00000| Untracked 
|  30|0x0000000081e00000, 0x0000000081f00000, 0x0000000081f00000|100%|HS|  |TAMS 0x0000000081f00000, 0x0000000081e00000| Complete 
|  31|0x0000000081f00000, 0x0000000082000000, 0x0000000082000000|100%| O|  |TAMS 0x0000000082000000, 0x0000000081f00000| Untracked 
|  32|0x0000000082000000, 0x0000000082100000, 0x0000000082100000|100%| O|  |TAMS 0x0000000082100000, 0x0000000082000000| Untracked 
|  33|0x0000000082100000, 0x0000000082200000, 0x0000000082200000|100%| O|  |TAMS 0x0000000082200000, 0x0000000082100000| Untracked 
|  34|0x0000000082200000, 0x0000000082300000, 0x0000000082300000|100%| O|  |TAMS 0x0000000082300000, 0x0000000082200000| Untracked 
|  35|0x0000000082300000, 0x0000000082400000, 0x0000000082400000|100%|HS|  |TAMS 0x0000000082400000, 0x0000000082300000| Complete 
|  36|0x0000000082400000, 0x0000000082500000, 0x0000000082500000|100%|HC|  |TAMS 0x0000000082500000, 0x0000000082400000| Complete 
|  37|0x0000000082500000, 0x0000000082600000, 0x0000000082600000|100%|HC|  |TAMS 0x0000000082600000, 0x0000000082500000| Complete 
|  38|0x0000000082600000, 0x0000000082700000, 0x0000000082700000|100%| O|  |TAMS 0x0000000082700000, 0x0000000082600000| Untracked 
|  39|0x0000000082700000, 0x0000000082800000, 0x0000000082800000|100%| O|  |TAMS 0x0000000082800000, 0x0000000082700000| Untracked 
|  40|0x0000000082800000, 0x0000000082900000, 0x0000000082900000|100%|HS|  |TAMS 0x0000000082900000, 0x0000000082800000| Complete 
|  41|0x0000000082900000, 0x0000000082a00000, 0x0000000082a00000|100%|HC|  |TAMS 0x0000000082a00000, 0x0000000082900000| Complete 
|  42|0x0000000082a00000, 0x0000000082b00000, 0x0000000082b00000|100%| O|  |TAMS 0x0000000082b00000, 0x0000000082a00000| Untracked 
|  43|0x0000000082b00000, 0x0000000082c00000, 0x0000000082c00000|100%| O|  |TAMS 0x0000000082c00000, 0x0000000082b00000| Untracked 
|  44|0x0000000082c00000, 0x0000000082d00000, 0x0000000082d00000|100%| O|  |TAMS 0x0000000082d00000, 0x0000000082c00000| Untracked 
|  45|0x0000000082d00000, 0x0000000082e00000, 0x0000000082e00000|100%| O|  |TAMS 0x0000000082e00000, 0x0000000082d00000| Untracked 
|  46|0x0000000082e00000, 0x0000000082f00000, 0x0000000082f00000|100%| O|  |TAMS 0x0000000082f00000, 0x0000000082e00000| Untracked 
|  47|0x0000000082f00000, 0x0000000083000000, 0x0000000083000000|100%| O|  |TAMS 0x0000000083000000, 0x0000000082f00000| Untracked 
|  48|0x0000000083000000, 0x0000000083100000, 0x0000000083100000|100%| O|  |TAMS 0x0000000083100000, 0x0000000083000000| Untracked 
|  49|0x0000000083100000, 0x0000000083200000, 0x0000000083200000|100%| O|  |TAMS 0x0000000083200000, 0x0000000083100000| Untracked 
|  50|0x0000000083200000, 0x0000000083300000, 0x0000000083300000|100%| O|  |TAMS 0x0000000083300000, 0x0000000083200000| Untracked 
|  51|0x0000000083300000, 0x0000000083400000, 0x0000000083400000|100%| O|  |TAMS 0x0000000083400000, 0x0000000083300000| Untracked 
|  52|0x0000000083400000, 0x0000000083500000, 0x0000000083500000|100%| O|  |TAMS 0x0000000083500000, 0x0000000083400000| Untracked 
|  53|0x0000000083500000, 0x0000000083600000, 0x0000000083600000|100%| O|  |TAMS 0x0000000083600000, 0x0000000083500000| Untracked 
|  54|0x0000000083600000, 0x0000000083700000, 0x0000000083700000|100%| O|  |TAMS 0x0000000083700000, 0x0000000083600000| Untracked 
|  55|0x0000000083700000, 0x0000000083800000, 0x0000000083800000|100%| O|  |TAMS 0x0000000083800000, 0x0000000083700000| Untracked 
|  56|0x0000000083800000, 0x0000000083900000, 0x0000000083900000|100%| O|  |TAMS 0x0000000083900000, 0x0000000083800000| Untracked 
|  57|0x0000000083900000, 0x0000000083a00000, 0x0000000083a00000|100%| O|  |TAMS 0x0000000083a00000, 0x0000000083900000| Untracked 
|  58|0x0000000083a00000, 0x0000000083b00000, 0x0000000083b00000|100%| O|  |TAMS 0x0000000083b00000, 0x0000000083a00000| Untracked 
|  59|0x0000000083b00000, 0x0000000083c00000, 0x0000000083c00000|100%| O|  |TAMS 0x0000000083c00000, 0x0000000083b00000| Untracked 
|  60|0x0000000083c00000, 0x0000000083d00000, 0x0000000083d00000|100%| O|  |TAMS 0x0000000083d00000, 0x0000000083c00000| Untracked 
|  61|0x0000000083d00000, 0x0000000083e00000, 0x0000000083e00000|100%| O|  |TAMS 0x0000000083e00000, 0x0000000083d00000| Untracked 
|  62|0x0000000083e00000, 0x0000000083f00000, 0x0000000083f00000|100%| O|  |TAMS 0x0000000083f00000, 0x0000000083e00000| Untracked 
|  63|0x0000000083f00000, 0x0000000084000000, 0x0000000084000000|100%| O|  |TAMS 0x0000000084000000, 0x0000000083f00000| Untracked 
|  64|0x0000000084000000, 0x0000000084100000, 0x0000000084100000|100%| O|  |TAMS 0x0000000084100000, 0x0000000084000000| Untracked 
|  65|0x0000000084100000, 0x0000000084200000, 0x0000000084200000|100%| O|  |TAMS 0x0000000084200000, 0x0000000084100000| Untracked 
|  66|0x0000000084200000, 0x0000000084300000, 0x0000000084300000|100%| O|  |TAMS 0x0000000084300000, 0x0000000084200000| Untracked 
|  67|0x0000000084300000, 0x0000000084400000, 0x0000000084400000|100%| O|  |TAMS 0x0000000084400000, 0x0000000084300000| Untracked 
|  68|0x0000000084400000, 0x0000000084500000, 0x0000000084500000|100%| O|  |TAMS 0x0000000084500000, 0x0000000084400000| Untracked 
|  69|0x0000000084500000, 0x0000000084600000, 0x0000000084600000|100%| O|  |TAMS 0x0000000084600000, 0x0000000084500000| Untracked 
|  70|0x0000000084600000, 0x0000000084700000, 0x0000000084700000|100%| O|  |TAMS 0x0000000084700000, 0x0000000084600000| Untracked 
|  71|0x0000000084700000, 0x0000000084800000, 0x0000000084800000|100%| O|  |TAMS 0x0000000084800000, 0x0000000084700000| Untracked 
|  72|0x0000000084800000, 0x0000000084900000, 0x0000000084900000|100%| O|  |TAMS 0x0000000084900000, 0x0000000084800000| Untracked 
|  73|0x0000000084900000, 0x0000000084a00000, 0x0000000084a00000|100%| O|  |TAMS 0x0000000084a00000, 0x0000000084900000| Untracked 
|  74|0x0000000084a00000, 0x0000000084b00000, 0x0000000084b00000|100%| O|  |TAMS 0x0000000084b00000, 0x0000000084a00000| Untracked 
|  75|0x0000000084b00000, 0x0000000084c00000, 0x0000000084c00000|100%| O|  |TAMS 0x0000000084c00000, 0x0000000084b00000| Untracked 
|  76|0x0000000084c00000, 0x0000000084d00000, 0x0000000084d00000|100%| O|  |TAMS 0x0000000084d00000, 0x0000000084c00000| Untracked 
|  77|0x0000000084d00000, 0x0000000084e00000, 0x0000000084e00000|100%| O|  |TAMS 0x0000000084e00000, 0x0000000084d00000| Untracked 
|  78|0x0000000084e00000, 0x0000000084f00000, 0x0000000084f00000|100%| O|  |TAMS 0x0000000084f00000, 0x0000000084e00000| Untracked 
|  79|0x0000000084f00000, 0x0000000085000000, 0x0000000085000000|100%|HS|  |TAMS 0x0000000085000000, 0x0000000084f00000| Complete 
|  80|0x0000000085000000, 0x0000000085100000, 0x0000000085100000|100%| O|  |TAMS 0x0000000085100000, 0x0000000085000000| Untracked 
|  81|0x0000000085100000, 0x0000000085200000, 0x0000000085200000|100%|HS|  |TAMS 0x0000000085200000, 0x0000000085100000| Complete 
|  82|0x0000000085200000, 0x0000000085300000, 0x0000000085300000|100%|HC|  |TAMS 0x0000000085300000, 0x0000000085200000| Complete 
|  83|0x0000000085300000, 0x0000000085400000, 0x0000000085400000|100%| O|  |TAMS 0x0000000085400000, 0x0000000085300000| Untracked 
|  84|0x0000000085400000, 0x0000000085500000, 0x0000000085500000|100%| O|  |TAMS 0x0000000085500000, 0x0000000085400000| Untracked 
|  85|0x0000000085500000, 0x0000000085600000, 0x0000000085600000|100%| O|  |TAMS 0x0000000085600000, 0x0000000085500000| Untracked 
|  86|0x0000000085600000, 0x0000000085700000, 0x0000000085700000|100%| O|  |TAMS 0x0000000085700000, 0x0000000085600000| Untracked 
|  87|0x0000000085700000, 0x0000000085800000, 0x0000000085800000|100%| O|  |TAMS 0x0000000085800000, 0x0000000085700000| Untracked 
|  88|0x0000000085800000, 0x0000000085900000, 0x0000000085900000|100%| O|  |TAMS 0x0000000085900000, 0x0000000085800000| Untracked 
|  89|0x0000000085900000, 0x0000000085a00000, 0x0000000085a00000|100%| O|  |TAMS 0x0000000085a00000, 0x0000000085900000| Untracked 
|  90|0x0000000085a00000, 0x0000000085b00000, 0x0000000085b00000|100%| O|  |TAMS 0x0000000085b00000, 0x0000000085a00000| Untracked 
|  91|0x0000000085b00000, 0x0000000085c00000, 0x0000000085c00000|100%| O|  |TAMS 0x0000000085c00000, 0x0000000085b00000| Untracked 
|  92|0x0000000085c00000, 0x0000000085d00000, 0x0000000085d00000|100%| O|  |TAMS 0x0000000085d00000, 0x0000000085c00000| Untracked 
|  93|0x0000000085d00000, 0x0000000085e00000, 0x0000000085e00000|100%| O|  |TAMS 0x0000000085e00000, 0x0000000085d00000| Untracked 
|  94|0x0000000085e00000, 0x0000000085f00000, 0x0000000085f00000|100%| O|  |TAMS 0x0000000085f00000, 0x0000000085e00000| Untracked 
|  95|0x0000000085f00000, 0x0000000086000000, 0x0000000086000000|100%| O|  |TAMS 0x0000000086000000, 0x0000000085f00000| Untracked 
|  96|0x0000000086000000, 0x0000000086100000, 0x0000000086100000|100%| O|  |TAMS 0x0000000086100000, 0x0000000086000000| Untracked 
|  97|0x0000000086100000, 0x0000000086200000, 0x0000000086200000|100%| O|  |TAMS 0x0000000086200000, 0x0000000086100000| Untracked 
|  98|0x0000000086200000, 0x0000000086300000, 0x0000000086300000|100%| O|  |TAMS 0x0000000086300000, 0x0000000086200000| Untracked 
|  99|0x0000000086300000, 0x0000000086400000, 0x0000000086400000|100%| O|  |TAMS 0x0000000086400000, 0x0000000086300000| Untracked 
| 100|0x0000000086400000, 0x0000000086500000, 0x0000000086500000|100%| O|  |TAMS 0x000000008647fe00, 0x0000000086400000| Untracked 
| 101|0x0000000086500000, 0x0000000086600000, 0x0000000086600000|100%| O|  |TAMS 0x0000000086600000, 0x0000000086500000| Untracked 
| 102|0x0000000086600000, 0x0000000086700000, 0x0000000086700000|100%| O|  |TAMS 0x0000000086700000, 0x0000000086600000| Untracked 
| 103|0x0000000086700000, 0x0000000086800000, 0x0000000086800000|100%| O|  |TAMS 0x0000000086800000, 0x0000000086700000| Untracked 
| 104|0x0000000086800000, 0x0000000086900000, 0x0000000086900000|100%| O|  |TAMS 0x0000000086900000, 0x0000000086800000| Untracked 
| 105|0x0000000086900000, 0x0000000086a00000, 0x0000000086a00000|100%| O|  |TAMS 0x0000000086a00000, 0x0000000086900000| Untracked 
| 106|0x0000000086a00000, 0x0000000086b00000, 0x0000000086b00000|100%| O|  |TAMS 0x0000000086b00000, 0x0000000086a00000| Untracked 
| 107|0x0000000086b00000, 0x0000000086c00000, 0x0000000086c00000|100%| O|  |TAMS 0x0000000086c00000, 0x0000000086b00000| Untracked 
| 108|0x0000000086c00000, 0x0000000086d00000, 0x0000000086d00000|100%| O|  |TAMS 0x0000000086c00000, 0x0000000086c00000| Untracked 
| 109|0x0000000086d00000, 0x0000000086e00000, 0x0000000086e00000|100%| O|  |TAMS 0x0000000086d00000, 0x0000000086d00000| Untracked 
| 110|0x0000000086e00000, 0x0000000086f00000, 0x0000000086f00000|100%| O|  |TAMS 0x0000000086e00000, 0x0000000086e00000| Untracked 
| 111|0x0000000086f00000, 0x0000000087000000, 0x0000000087000000|100%| O|  |TAMS 0x0000000086f00000, 0x0000000086f00000| Untracked 
| 112|0x0000000087000000, 0x0000000087100000, 0x0000000087100000|100%| O|  |TAMS 0x0000000087000000, 0x0000000087000000| Untracked 
| 113|0x0000000087100000, 0x0000000087200000, 0x0000000087200000|100%| O|  |TAMS 0x0000000087100000, 0x0000000087100000| Untracked 
| 114|0x0000000087200000, 0x0000000087300000, 0x0000000087300000|100%| O|  |TAMS 0x0000000087200000, 0x0000000087200000| Untracked 
| 115|0x0000000087300000, 0x0000000087400000, 0x0000000087400000|100%| O|  |TAMS 0x0000000087300000, 0x0000000087300000| Untracked 
| 116|0x0000000087400000, 0x000000008745d800, 0x0000000087500000| 36%| O|  |TAMS 0x0000000087400000, 0x0000000087400000| Untracked 
| 117|0x0000000087500000, 0x0000000087500000, 0x0000000087600000|  0%| F|  |TAMS 0x0000000087500000, 0x0000000087500000| Untracked 
| 118|0x0000000087600000, 0x0000000087600000, 0x0000000087700000|  0%| F|  |TAMS 0x0000000087600000, 0x0000000087600000| Untracked 
| 119|0x0000000087700000, 0x0000000087700000, 0x0000000087800000|  0%| F|  |TAMS 0x0000000087700000, 0x0000000087700000| Untracked 
| 120|0x0000000087800000, 0x0000000087800000, 0x0000000087900000|  0%| F|  |TAMS 0x0000000087800000, 0x0000000087800000| Untracked 
| 121|0x0000000087900000, 0x0000000087900000, 0x0000000087a00000|  0%| F|  |TAMS 0x0000000087900000, 0x0000000087900000| Untracked 
| 122|0x0000000087a00000, 0x0000000087a00000, 0x0000000087b00000|  0%| F|  |TAMS 0x0000000087a00000, 0x0000000087a00000| Untracked 
| 123|0x0000000087b00000, 0x0000000087b00000, 0x0000000087c00000|  0%| F|  |TAMS 0x0000000087b00000, 0x0000000087b00000| Untracked 
| 124|0x0000000087c00000, 0x0000000087c00000, 0x0000000087d00000|  0%| F|  |TAMS 0x0000000087c00000, 0x0000000087c00000| Untracked 
| 125|0x0000000087d00000, 0x0000000087d00000, 0x0000000087e00000|  0%| F|  |TAMS 0x0000000087d00000, 0x0000000087d00000| Untracked 
| 126|0x0000000087e00000, 0x0000000087e00000, 0x0000000087f00000|  0%| F|  |TAMS 0x0000000087e00000, 0x0000000087e00000| Untracked 
| 127|0x0000000087f00000, 0x0000000087f00000, 0x0000000088000000|  0%| F|  |TAMS 0x0000000087f00000, 0x0000000087f00000| Untracked 
| 128|0x0000000088000000, 0x0000000088000000, 0x0000000088100000|  0%| F|  |TAMS 0x0000000088000000, 0x0000000088000000| Untracked 
| 129|0x0000000088100000, 0x0000000088100000, 0x0000000088200000|  0%| F|  |TAMS 0x0000000088100000, 0x0000000088100000| Untracked 
| 130|0x0000000088200000, 0x0000000088200000, 0x0000000088300000|  0%| F|  |TAMS 0x0000000088200000, 0x0000000088200000| Untracked 
| 131|0x0000000088300000, 0x0000000088300000, 0x0000000088400000|  0%| F|  |TAMS 0x0000000088300000, 0x0000000088300000| Untracked 
| 132|0x0000000088400000, 0x0000000088400000, 0x0000000088500000|  0%| F|  |TAMS 0x0000000088400000, 0x0000000088400000| Untracked 
| 133|0x0000000088500000, 0x0000000088500000, 0x0000000088600000|  0%| F|  |TAMS 0x0000000088500000, 0x0000000088500000| Untracked 
| 134|0x0000000088600000, 0x0000000088600000, 0x0000000088700000|  0%| F|  |TAMS 0x0000000088600000, 0x0000000088600000| Untracked 
| 135|0x0000000088700000, 0x0000000088700000, 0x0000000088800000|  0%| F|  |TAMS 0x0000000088700000, 0x0000000088700000| Untracked 
| 136|0x0000000088800000, 0x0000000088800000, 0x0000000088900000|  0%| F|  |TAMS 0x0000000088800000, 0x0000000088800000| Untracked 
| 137|0x0000000088900000, 0x0000000088900000, 0x0000000088a00000|  0%| F|  |TAMS 0x0000000088900000, 0x0000000088900000| Untracked 
| 138|0x0000000088a00000, 0x0000000088a00000, 0x0000000088b00000|  0%| F|  |TAMS 0x0000000088a00000, 0x0000000088a00000| Untracked 
| 139|0x0000000088b00000, 0x0000000088b00000, 0x0000000088c00000|  0%| F|  |TAMS 0x0000000088b00000, 0x0000000088b00000| Untracked 
| 140|0x0000000088c00000, 0x0000000088c00000, 0x0000000088d00000|  0%| F|  |TAMS 0x0000000088c00000, 0x0000000088c00000| Untracked 
| 141|0x0000000088d00000, 0x0000000088d00000, 0x0000000088e00000|  0%| F|  |TAMS 0x0000000088d00000, 0x0000000088d00000| Untracked 
| 142|0x0000000088e00000, 0x0000000088e00000, 0x0000000088f00000|  0%| F|  |TAMS 0x0000000088e00000, 0x0000000088e00000| Untracked 
| 143|0x0000000088f00000, 0x0000000088f00000, 0x0000000089000000|  0%| F|  |TAMS 0x0000000088f00000, 0x0000000088f00000| Untracked 
| 144|0x0000000089000000, 0x0000000089000000, 0x0000000089100000|  0%| F|  |TAMS 0x0000000089000000, 0x0000000089000000| Untracked 
| 145|0x0000000089100000, 0x0000000089100000, 0x0000000089200000|  0%| F|  |TAMS 0x0000000089100000, 0x0000000089100000| Untracked 
| 146|0x0000000089200000, 0x0000000089200000, 0x0000000089300000|  0%| F|  |TAMS 0x0000000089200000, 0x0000000089200000| Untracked 
| 147|0x0000000089300000, 0x0000000089300000, 0x0000000089400000|  0%| F|  |TAMS 0x0000000089300000, 0x0000000089300000| Untracked 
| 148|0x0000000089400000, 0x0000000089400000, 0x0000000089500000|  0%| F|  |TAMS 0x0000000089400000, 0x0000000089400000| Untracked 
| 149|0x0000000089500000, 0x0000000089500000, 0x0000000089600000|  0%| F|  |TAMS 0x0000000089500000, 0x0000000089500000| Untracked 
| 150|0x0000000089600000, 0x0000000089600000, 0x0000000089700000|  0%| F|  |TAMS 0x0000000089600000, 0x0000000089600000| Untracked 
| 151|0x0000000089700000, 0x0000000089700000, 0x0000000089800000|  0%| F|  |TAMS 0x0000000089700000, 0x0000000089700000| Untracked 
| 152|0x0000000089800000, 0x0000000089800000, 0x0000000089900000|  0%| F|  |TAMS 0x0000000089800000, 0x0000000089800000| Untracked 
| 153|0x0000000089900000, 0x0000000089900000, 0x0000000089a00000|  0%| F|  |TAMS 0x0000000089900000, 0x0000000089900000| Untracked 
| 154|0x0000000089a00000, 0x0000000089a2d620, 0x0000000089b00000| 17%| S|CS|TAMS 0x0000000089a00000, 0x0000000089a00000| Complete 
| 155|0x0000000089b00000, 0x0000000089c00000, 0x0000000089c00000|100%| S|CS|TAMS 0x0000000089b00000, 0x0000000089b00000| Complete 
| 156|0x0000000089c00000, 0x0000000089d00000, 0x0000000089d00000|100%| S|CS|TAMS 0x0000000089c00000, 0x0000000089c00000| Complete 
| 157|0x0000000089d00000, 0x0000000089d00000, 0x0000000089e00000|  0%| F|  |TAMS 0x0000000089d00000, 0x0000000089d00000| Untracked 
| 158|0x0000000089e00000, 0x0000000089e00000, 0x0000000089f00000|  0%| F|  |TAMS 0x0000000089e00000, 0x0000000089e00000| Untracked 
| 159|0x0000000089f00000, 0x0000000089f00000, 0x000000008a000000|  0%| F|  |TAMS 0x0000000089f00000, 0x0000000089f00000| Untracked 
| 160|0x000000008a000000, 0x000000008a000000, 0x000000008a100000|  0%| F|  |TAMS 0x000000008a000000, 0x000000008a000000| Untracked 
| 161|0x000000008a100000, 0x000000008a100000, 0x000000008a200000|  0%| F|  |TAMS 0x000000008a100000, 0x000000008a100000| Untracked 
| 162|0x000000008a200000, 0x000000008a200000, 0x000000008a300000|  0%| F|  |TAMS 0x000000008a200000, 0x000000008a200000| Untracked 
| 163|0x000000008a300000, 0x000000008a300000, 0x000000008a400000|  0%| F|  |TAMS 0x000000008a300000, 0x000000008a300000| Untracked 
| 164|0x000000008a400000, 0x000000008a400000, 0x000000008a500000|  0%| F|  |TAMS 0x000000008a400000, 0x000000008a400000| Untracked 
| 165|0x000000008a500000, 0x000000008a500000, 0x000000008a600000|  0%| F|  |TAMS 0x000000008a500000, 0x000000008a500000| Untracked 
| 166|0x000000008a600000, 0x000000008a600000, 0x000000008a700000|  0%| F|  |TAMS 0x000000008a600000, 0x000000008a600000| Untracked 
| 167|0x000000008a700000, 0x000000008a700000, 0x000000008a800000|  0%| F|  |TAMS 0x000000008a700000, 0x000000008a700000| Untracked 
| 168|0x000000008a800000, 0x000000008a800000, 0x000000008a900000|  0%| F|  |TAMS 0x000000008a800000, 0x000000008a800000| Untracked 
| 169|0x000000008a900000, 0x000000008a900000, 0x000000008aa00000|  0%| F|  |TAMS 0x000000008a900000, 0x000000008a900000| Untracked 
| 170|0x000000008aa00000, 0x000000008aa00000, 0x000000008ab00000|  0%| F|  |TAMS 0x000000008aa00000, 0x000000008aa00000| Untracked 
| 171|0x000000008ab00000, 0x000000008ab00000, 0x000000008ac00000|  0%| F|  |TAMS 0x000000008ab00000, 0x000000008ab00000| Untracked 
| 172|0x000000008ac00000, 0x000000008ac00000, 0x000000008ad00000|  0%| F|  |TAMS 0x000000008ac00000, 0x000000008ac00000| Untracked 
| 173|0x000000008ad00000, 0x000000008ad00000, 0x000000008ae00000|  0%| F|  |TAMS 0x000000008ad00000, 0x000000008ad00000| Untracked 
| 174|0x000000008ae00000, 0x000000008ae00000, 0x000000008af00000|  0%| F|  |TAMS 0x000000008ae00000, 0x000000008ae00000| Untracked 
| 175|0x000000008af00000, 0x000000008af00000, 0x000000008b000000|  0%| F|  |TAMS 0x000000008af00000, 0x000000008af00000| Untracked 
| 176|0x000000008b000000, 0x000000008b000000, 0x000000008b100000|  0%| F|  |TAMS 0x000000008b000000, 0x000000008b000000| Untracked 
| 177|0x000000008b100000, 0x000000008b100000, 0x000000008b200000|  0%| F|  |TAMS 0x000000008b100000, 0x000000008b100000| Untracked 
| 178|0x000000008b200000, 0x000000008b200000, 0x000000008b300000|  0%| F|  |TAMS 0x000000008b200000, 0x000000008b200000| Untracked 
| 179|0x000000008b300000, 0x000000008b300000, 0x000000008b400000|  0%| F|  |TAMS 0x000000008b300000, 0x000000008b300000| Untracked 
| 180|0x000000008b400000, 0x000000008b400000, 0x000000008b500000|  0%| F|  |TAMS 0x000000008b400000, 0x000000008b400000| Untracked 
| 181|0x000000008b500000, 0x000000008b500000, 0x000000008b600000|  0%| F|  |TAMS 0x000000008b500000, 0x000000008b500000| Untracked 
| 182|0x000000008b600000, 0x000000008b600000, 0x000000008b700000|  0%| F|  |TAMS 0x000000008b600000, 0x000000008b600000| Untracked 
| 183|0x000000008b700000, 0x000000008b700000, 0x000000008b800000|  0%| F|  |TAMS 0x000000008b700000, 0x000000008b700000| Untracked 
| 184|0x000000008b800000, 0x000000008b800000, 0x000000008b900000|  0%| F|  |TAMS 0x000000008b800000, 0x000000008b800000| Untracked 
| 185|0x000000008b900000, 0x000000008b900000, 0x000000008ba00000|  0%| F|  |TAMS 0x000000008b900000, 0x000000008b900000| Untracked 
| 186|0x000000008ba00000, 0x000000008ba00000, 0x000000008bb00000|  0%| F|  |TAMS 0x000000008ba00000, 0x000000008ba00000| Untracked 
| 187|0x000000008bb00000, 0x000000008bb00000, 0x000000008bc00000|  0%| F|  |TAMS 0x000000008bb00000, 0x000000008bb00000| Untracked 
| 188|0x000000008bc00000, 0x000000008bc00000, 0x000000008bd00000|  0%| F|  |TAMS 0x000000008bc00000, 0x000000008bc00000| Untracked 
| 189|0x000000008bd00000, 0x000000008bd00000, 0x000000008be00000|  0%| F|  |TAMS 0x000000008bd00000, 0x000000008bd00000| Untracked 
| 190|0x000000008be00000, 0x000000008be00000, 0x000000008bf00000|  0%| F|  |TAMS 0x000000008be00000, 0x000000008be00000| Untracked 
| 191|0x000000008bf00000, 0x000000008bf00000, 0x000000008c000000|  0%| F|  |TAMS 0x000000008bf00000, 0x000000008bf00000| Untracked 
| 192|0x000000008c000000, 0x000000008c000000, 0x000000008c100000|  0%| F|  |TAMS 0x000000008c000000, 0x000000008c000000| Untracked 
| 193|0x000000008c100000, 0x000000008c100000, 0x000000008c200000|  0%| F|  |TAMS 0x000000008c100000, 0x000000008c100000| Untracked 
| 194|0x000000008c200000, 0x000000008c200000, 0x000000008c300000|  0%| F|  |TAMS 0x000000008c200000, 0x000000008c200000| Untracked 
| 195|0x000000008c300000, 0x000000008c300000, 0x000000008c400000|  0%| F|  |TAMS 0x000000008c300000, 0x000000008c300000| Untracked 
| 196|0x000000008c400000, 0x000000008c400000, 0x000000008c500000|  0%| F|  |TAMS 0x000000008c400000, 0x000000008c400000| Untracked 
| 197|0x000000008c500000, 0x000000008c5dc038, 0x000000008c600000| 85%| E|  |TAMS 0x000000008c500000, 0x000000008c500000| Complete 
| 198|0x000000008c600000, 0x000000008c700000, 0x000000008c700000|100%| E|CS|TAMS 0x000000008c600000, 0x000000008c600000| Complete 
| 199|0x000000008c700000, 0x000000008c800000, 0x000000008c800000|100%| E|CS|TAMS 0x000000008c700000, 0x000000008c700000| Complete 
| 200|0x000000008c800000, 0x000000008c900000, 0x000000008c900000|100%| E|CS|TAMS 0x000000008c800000, 0x000000008c800000| Complete 

Card table byte_map: [0x00000275fd3b0000,0x00000275fd7b0000] _byte_map_base: 0x00000275fcfb0000

Marking Bits (Prev, Next): (CMBitMap*) 0x00000275e893b070, (CMBitMap*) 0x00000275e893b038
 Prev Bits: [0x0000027580000000, 0x0000027582000000)
 Next Bits: [0x00000275fdbb0000, 0x00000275ffbb0000)

Polling page: 0x00000275e8750000

Metaspace:

Usage:
  Non-class:    101.42 MB capacity,    99.68 MB ( 98%) used,     1.39 MB (  1%) free+waste,   348.38 KB ( <1%) overhead. 
      Class:     15.24 MB capacity,    14.22 MB ( 93%) used,   887.23 KB (  6%) free+waste,   154.19 KB ( <1%) overhead. 
       Both:    116.66 MB capacity,   113.91 MB ( 98%) used,     2.26 MB (  2%) free+waste,   502.56 KB ( <1%) overhead. 

Virtual space:
  Non-class space:      102.00 MB reserved,     101.45 MB (>99%) committed 
      Class space:        1.00 GB reserved,      15.38 MB (  2%) committed 
             Both:        1.10 GB reserved,     116.82 MB ( 10%) committed 

Chunk freelists:
   Non-Class:  34.00 KB
       Class:  41.00 KB
        Both:  75.00 KB

MaxMetaspaceSize: 17179869184.00 GB
CompressedClassSpaceSize: 1.00 GB

CodeHeap 'non-profiled nmethods': size=120064Kb used=12168Kb max_used=12168Kb free=107895Kb
 bounds [0x00000275f5670000, 0x00000275f6280000, 0x00000275fcbb0000]
CodeHeap 'profiled nmethods': size=120000Kb used=40330Kb max_used=41836Kb free=79669Kb
 bounds [0x00000275ee140000, 0x00000275f0a70000, 0x00000275f5670000]
CodeHeap 'non-nmethods': size=5696Kb used=2343Kb max_used=2408Kb free=3352Kb
 bounds [0x00000275edbb0000, 0x00000275ede20000, 0x00000275ee140000]
 total_blobs=17552 nmethods=16584 adapters=878
 compilation: enabled
              stopped_count=0, restarted_count=0
 full_count=0

Compilation events (20 events):
Event: 253.756 Thread 0x0000027584931000 18419       2       com.android.tools.r8.code.X0::hashCode (11 bytes)
Event: 253.756 Thread 0x0000027584931000 nmethod 18419 0x00000275ee712f90 code [0x00000275ee713140, 0x00000275ee713268]
Event: 253.776 Thread 0x0000027584931000 18420       2       com.android.tools.r8.internal.ba::d (8 bytes)
Event: 253.777 Thread 0x0000027584931000 nmethod 18420 0x00000275ee714910 code [0x00000275ee714ac0, 0x00000275ee714be8]
Event: 253.818 Thread 0x0000027584931000 18421       2       com.android.tools.r8.internal.UC$$Lambda$1261/0x0000000100e88040::get$Lambda (9 bytes)
Event: 253.819 Thread 0x0000027584931000 nmethod 18421 0x00000275ee715e90 code [0x00000275ee716040, 0x00000275ee7161b8]
Event: 253.819 Thread 0x0000027584931000 18422       2       com.android.tools.r8.internal.UC$$Lambda$1261/0x0000000100e88040::<init> (10 bytes)
Event: 253.819 Thread 0x0000027584931000 nmethod 18422 0x00000275ee721890 code [0x00000275ee721a40, 0x00000275ee721b78]
Event: 253.823 Thread 0x0000027584931000 18423       2       com.android.tools.r8.internal.UC::b (682 bytes)
Event: 253.830 Thread 0x0000027584931000 nmethod 18423 0x00000275ee885810 code [0x00000275ee885d80, 0x00000275ee8876e8]
Event: 254.748 Thread 0x0000027584931000 18424       2       com.android.tools.r8.internal.W0::<init> (10 bytes)
Event: 254.749 Thread 0x0000027584931000 nmethod 18424 0x00000275ee74c510 code [0x00000275ee74c6c0, 0x00000275ee74c7c8]
Event: 254.778 Thread 0x0000027584931000 18426       2       com.android.tools.r8.internal.y1::a (412 bytes)
Event: 254.780 Thread 0x0000027584931000 nmethod 18426 0x00000275ee788910 code [0x00000275ee788bc0, 0x00000275ee789348]
Event: 254.970 Thread 0x0000027584931000 18427       2       com.android.tools.r8.internal.Zi::a (82 bytes)
Event: 254.971 Thread 0x0000027584931000 nmethod 18427 0x00000275ee780590 code [0x00000275ee7807c0, 0x00000275ee780a78]
Event: 256.049 Thread 0x0000027584931000 18428       2       jdk.management.jfr.internal.FlightRecorderMXBeanProvider$SingleMBeanComponent::mbeanInterfaceNames (11 bytes)
Event: 256.050 Thread 0x0000027584931000 nmethod 18428 0x00000275ee76bf90 code [0x00000275ee76c140, 0x00000275ee76c328]
Event: 256.113 Thread 0x0000027584931000 18431       2       com.android.tools.r8.internal.NE::e2 (20 bytes)
Event: 256.114 Thread 0x0000027584931000 nmethod 18431 0x00000275ee78e490 code [0x00000275ee78e680, 0x00000275ee78eb08]

GC Heap History (20 events):
Event: 216.120 GC heap after
{Heap after GC invocations=101 (full 0):
 garbage-first heap   total 165888K, used 103751K [0x0000000080000000, 0x0000000100000000)
  region size 1024K, 1 young (1024K), 1 survivors (1024K)
 Metaspace       used 116203K, capacity 118919K, committed 118988K, reserved 1153024K
  class space    used 14540K, capacity 15567K, committed 15616K, reserved 1048576K
}
Event: 226.179 GC heap before
{Heap before GC invocations=101 (full 0):
 garbage-first heap   total 165888K, used 139591K [0x0000000080000000, 0x0000000100000000)
  region size 1024K, 36 young (36864K), 1 survivors (1024K)
 Metaspace       used 116298K, capacity 119083K, committed 119372K, reserved 1153024K
  class space    used 14550K, capacity 15599K, committed 15744K, reserved 1048576K
}
Event: 226.193 GC heap after
{Heap after GC invocations=102 (full 0):
 garbage-first heap   total 165888K, used 104135K [0x0000000080000000, 0x0000000100000000)
  region size 1024K, 1 young (1024K), 1 survivors (1024K)
 Metaspace       used 116298K, capacity 119083K, committed 119372K, reserved 1153024K
  class space    used 14550K, capacity 15599K, committed 15744K, reserved 1048576K
}
Event: 231.719 GC heap before
{Heap before GC invocations=103 (full 0):
 garbage-first heap   total 165888K, used 142023K [0x0000000080000000, 0x0000000100000000)
  region size 1024K, 37 young (37888K), 1 survivors (1024K)
 Metaspace       used 116366K, capacity 119151K, committed 119372K, reserved 1153024K
  class space    used 14550K, capacity 15599K, committed 15744K, reserved 1048576K
}
Event: 231.733 GC heap after
{Heap after GC invocations=104 (full 0):
 garbage-first heap   total 165888K, used 109092K [0x0000000080000000, 0x0000000100000000)
  region size 1024K, 5 young (5120K), 5 survivors (5120K)
 Metaspace       used 116366K, capacity 119151K, committed 119372K, reserved 1153024K
  class space    used 14550K, capacity 15599K, committed 15744K, reserved 1048576K
}
Event: 231.979 GC heap before
{Heap before GC invocations=104 (full 0):
 garbage-first heap   total 165888K, used 112164K [0x0000000080000000, 0x0000000100000000)
  region size 1024K, 8 young (8192K), 5 survivors (5120K)
 Metaspace       used 116366K, capacity 119151K, committed 119372K, reserved 1153024K
  class space    used 14550K, capacity 15599K, committed 15744K, reserved 1048576K
}
Event: 232.004 GC heap after
{Heap after GC invocations=105 (full 0):
 garbage-first heap   total 165888K, used 103172K [0x0000000080000000, 0x0000000100000000)
  region size 1024K, 1 young (1024K), 1 survivors (1024K)
 Metaspace       used 116366K, capacity 119151K, committed 119372K, reserved 1153024K
  class space    used 14550K, capacity 15599K, committed 15744K, reserved 1048576K
}
Event: 236.950 GC heap before
{Heap before GC invocations=105 (full 0):
 garbage-first heap   total 165888K, used 137988K [0x0000000080000000, 0x0000000100000000)
  region size 1024K, 35 young (35840K), 1 survivors (1024K)
 Metaspace       used 116424K, capacity 119226K, committed 119372K, reserved 1153024K
  class space    used 14550K, capacity 15600K, committed 15744K, reserved 1048576K
}
Event: 236.980 GC heap after
{Heap after GC invocations=106 (full 0):
 garbage-first heap   total 165888K, used 107581K [0x0000000080000000, 0x0000000100000000)
  region size 1024K, 5 young (5120K), 5 survivors (5120K)
 Metaspace       used 116424K, capacity 119226K, committed 119372K, reserved 1153024K
  class space    used 14550K, capacity 15600K, committed 15744K, reserved 1048576K
}
Event: 238.199 GC heap before
{Heap before GC invocations=106 (full 0):
 garbage-first heap   total 165888K, used 138301K [0x0000000080000000, 0x0000000100000000)
  region size 1024K, 35 young (35840K), 5 survivors (5120K)
 Metaspace       used 116443K, capacity 119228K, committed 119372K, reserved 1153024K
  class space    used 14550K, capacity 15600K, committed 15744K, reserved 1048576K
}
Event: 238.369 GC heap after
{Heap after GC invocations=107 (full 0):
 garbage-first heap   total 165888K, used 110389K [0x0000000080000000, 0x0000000100000000)
  region size 1024K, 4 young (4096K), 4 survivors (4096K)
 Metaspace       used 116443K, capacity 119228K, committed 119372K, reserved 1153024K
  class space    used 14550K, capacity 15600K, committed 15744K, reserved 1048576K
}
Event: 242.192 GC heap before
{Heap before GC invocations=107 (full 0):
 garbage-first heap   total 165888K, used 139061K [0x0000000080000000, 0x0000000100000000)
  region size 1024K, 32 young (32768K), 4 survivors (4096K)
 Metaspace       used 116458K, capacity 119232K, committed 119628K, reserved 1153024K
  class space    used 14550K, capacity 15600K, committed 15744K, reserved 1048576K
}
Event: 242.243 GC heap after
{Heap after GC invocations=108 (full 0):
 garbage-first heap   total 205824K, used 114175K [0x0000000080000000, 0x0000000100000000)
  region size 1024K, 4 young (4096K), 4 survivors (4096K)
 Metaspace       used 116458K, capacity 119232K, committed 119628K, reserved 1153024K
  class space    used 14550K, capacity 15600K, committed 15744K, reserved 1048576K
}
Event: 247.446 GC heap before
{Heap before GC invocations=109 (full 0):
 garbage-first heap   total 205824K, used 155135K [0x0000000080000000, 0x0000000100000000)
  region size 1024K, 44 young (45056K), 4 survivors (4096K)
 Metaspace       used 116501K, capacity 119303K, committed 119628K, reserved 1153024K
  class space    used 14551K, capacity 15600K, committed 15744K, reserved 1048576K
}
Event: 247.503 GC heap after
{Heap after GC invocations=110 (full 0):
 garbage-first heap   total 205824K, used 119464K [0x0000000080000000, 0x0000000100000000)
  region size 1024K, 5 young (5120K), 5 survivors (5120K)
 Metaspace       used 116501K, capacity 119303K, committed 119628K, reserved 1153024K
  class space    used 14551K, capacity 15600K, committed 15744K, reserved 1048576K
}
Event: 249.542 GC heap before
{Heap before GC invocations=110 (full 0):
 garbage-first heap   total 205824K, used 159400K [0x0000000080000000, 0x0000000100000000)
  region size 1024K, 44 young (45056K), 5 survivors (5120K)
 Metaspace       used 116588K, capacity 119391K, committed 119628K, reserved 1153024K
  class space    used 14565K, capacity 15607K, committed 15744K, reserved 1048576K
}
Event: 249.580 GC heap after
{Heap after GC invocations=111 (full 0):
 garbage-first heap   total 205824K, used 120634K [0x0000000080000000, 0x0000000100000000)
  region size 1024K, 2 young (2048K), 2 survivors (2048K)
 Metaspace       used 116588K, capacity 119391K, committed 119628K, reserved 1153024K
  class space    used 14565K, capacity 15607K, committed 15744K, reserved 1048576K
}
Event: 250.639 GC heap before
{Heap before GC invocations=111 (full 0):
 garbage-first heap   total 205824K, used 161594K [0x0000000080000000, 0x0000000100000000)
  region size 1024K, 42 young (43008K), 2 survivors (2048K)
 Metaspace       used 116614K, capacity 119393K, committed 119628K, reserved 1153024K
  class space    used 14565K, capacity 15607K, committed 15744K, reserved 1048576K
}
Event: 250.653 GC heap after
{Heap after GC invocations=112 (full 0):
 garbage-first heap   total 205824K, used 120987K [0x0000000080000000, 0x0000000100000000)
  region size 1024K, 2 young (2048K), 2 survivors (2048K)
 Metaspace       used 116614K, capacity 119393K, committed 119628K, reserved 1153024K
  class space    used 14565K, capacity 15607K, committed 15744K, reserved 1048576K
}
Event: 256.379 GC heap before
{Heap before GC invocations=112 (full 0):
 garbage-first heap   total 205824K, used 163995K [0x0000000080000000, 0x0000000100000000)
  region size 1024K, 44 young (45056K), 2 survivors (2048K)
 Metaspace       used 116640K, capacity 119457K, committed 119628K, reserved 1153024K
  class space    used 14565K, capacity 15607K, committed 15744K, reserved 1048576K
}

Deoptimization events (20 events):
Event: 250.630 Thread 0x0000027587355800 DEOPT PACKING pc=0x00000275f06e799a sp=0x000000de94ef9170
Event: 250.630 Thread 0x0000027587355800 DEOPT UNPACKING pc=0x00000275edbd71ce sp=0x000000de94ef8938 mode 0
Event: 250.780 Thread 0x0000027587355800 DEOPT PACKING pc=0x00000275f06e799a sp=0x000000de94ef9170
Event: 250.780 Thread 0x0000027587355800 DEOPT UNPACKING pc=0x00000275edbd71ce sp=0x000000de94ef8938 mode 0
Event: 251.925 Thread 0x0000027587361000 DEOPT PACKING pc=0x00000275f06e7979 sp=0x000000de94ff92a0
Event: 251.925 Thread 0x0000027587361000 DEOPT UNPACKING pc=0x00000275edbd71ce sp=0x000000de94ff8a68 mode 0
Event: 252.894 Thread 0x0000027587361000 DEOPT PACKING pc=0x00000275f06e7e9a sp=0x000000de94ff92a0
Event: 252.894 Thread 0x0000027587361000 DEOPT UNPACKING pc=0x00000275edbd71ce sp=0x000000de94ff8a70 mode 0
Event: 253.766 Thread 0x0000027587361000 DEOPT PACKING pc=0x00000275f06e799a sp=0x000000de94ff8ed0
Event: 253.767 Thread 0x0000027587361000 DEOPT UNPACKING pc=0x00000275edbd71ce sp=0x000000de94ff8698 mode 0
Event: 253.811 Thread 0x0000027587355800 Uncommon trap: trap_request=0xffffffc6 fr.pc=0x00000275f6227468 relative=0x0000000000002408
Event: 253.811 Thread 0x0000027587355800 Uncommon trap: reason=bimorphic_or_optimized_type_check action=maybe_recompile pc=0x00000275f6227468 method=com.android.tools.r8.internal.UC.b(Lcom/android/tools/r8/internal/Fg;)V @ 43 c2
Event: 253.811 Thread 0x0000027587355800 DEOPT PACKING pc=0x00000275f6227468 sp=0x000000de94ef9950
Event: 253.811 Thread 0x0000027587355800 DEOPT UNPACKING pc=0x00000275edbd73af sp=0x000000de94ef9928 mode 2
Event: 253.815 Thread 0x0000027587355800 Uncommon trap: trap_request=0xffffffc6 fr.pc=0x00000275f6227468 relative=0x0000000000002408
Event: 253.815 Thread 0x0000027587355800 Uncommon trap: reason=bimorphic_or_optimized_type_check action=maybe_recompile pc=0x00000275f6227468 method=com.android.tools.r8.internal.UC.b(Lcom/android/tools/r8/internal/Fg;)V @ 43 c2
Event: 253.815 Thread 0x0000027587355800 DEOPT PACKING pc=0x00000275f6227468 sp=0x000000de94ef9950
Event: 253.815 Thread 0x0000027587355800 DEOPT UNPACKING pc=0x00000275edbd73af sp=0x000000de94ef9928 mode 2
Event: 255.512 Thread 0x0000027587355800 DEOPT PACKING pc=0x00000275f06e799a sp=0x000000de94ef9170
Event: 255.512 Thread 0x0000027587355800 DEOPT UNPACKING pc=0x00000275edbd71ce sp=0x000000de94ef8938 mode 0

Classes redefined (0 events):
No events

Internal exceptions (20 events):
Event: 198.501 Thread 0x0000027587355800 Exception <a 'java/lang/NoSuchMethodError'{0x00000000880c7550}: 'int java.lang.invoke.DirectMethodHandle$Holder.invokeSpecial(java.lang.Object, java.lang.Object, java.lang.Object, java.lang.Object, java.lang.Object, java.lang.Object, java.lang.Object, java.lang.Object, java.lang.Object)'> (0x00000000880c7550) thrown at [./src/hotspot/share/interpreter/linkResolver.cpp, line 773]
Event: 198.606 Thread 0x0000027587361000 Exception <a 'java/lang/NoSuchMethodError'{0x0000000087fc0ce8}: 'java.lang.Object java.lang.invoke.Invokers$Holder.linkToTargetMethod(java.lang.Object, java.lang.Object, java.lang.Object, java.lang.Object, java.lang.Object, java.lang.Object, java.lang.Object)'> (0x0000000087fc0ce8) thrown at [./src/hotspot/share/interpreter/linkResolver.cpp, line 773]
Event: 198.646 Thread 0x0000027587355800 Exception <a 'java/lang/NoSuchMethodError'{0x0000000087e036a8}: 'int java.lang.invoke.DirectMethodHandle$Holder.invokeSpecial(java.lang.Object, java.lang.Object, java.lang.Object, java.lang.Object, java.lang.Object)'> (0x0000000087e036a8) thrown at [./src/hotspot/share/interpreter/linkResolver.cpp, line 773]
Event: 199.010 Thread 0x0000027587355800 Exception <a 'java/lang/NoSuchMethodError'{0x0000000087c8c310}: 'java.lang.Object java.lang.invoke.DirectMethodHandle$Holder.invokeVirtual(java.lang.Object, java.lang.Object, int, java.lang.Object)'> (0x0000000087c8c310) thrown at [./src/hotspot/share/interpreter/linkResolver.cpp, line 773]
Event: 199.136 Thread 0x0000027587355800 Exception <a 'java/lang/NoSuchMethodError'{0x0000000087b5b0c8}: 'void java.lang.invoke.DirectMethodHandle$Holder.invokeVirtual(java.lang.Object, java.lang.Object, int, java.lang.Object)'> (0x0000000087b5b0c8) thrown at [./src/hotspot/share/interpreter/linkResolver.cpp, line 773]
Event: 200.456 Thread 0x0000027587355800 Implicit null exception at 0x00000275f5864d57 to 0x00000275f5866020
Event: 202.618 Thread 0x0000027587355800 Exception <a 'java/lang/IncompatibleClassChangeError'{0x00000000897bbf58}: Found class java.lang.Object, but interface was expected> (0x00000000897bbf58) thrown at [./src/hotspot/share/interpreter/linkResolver.cpp, line 839]
Event: 203.085 Thread 0x0000027587355800 Exception <a 'java/lang/NoSuchMethodError'{0x00000000895f2748}: 'void java.lang.invoke.DirectMethodHandle$Holder.invokeSpecial(java.lang.Object, java.lang.Object, int, java.lang.Object, java.lang.Object, java.lang.Object, java.lang.Object)'> (0x00000000895f2748) thrown at [./src/hotspot/share/interpreter/linkResolver.cpp, line 773]
Event: 203.109 Thread 0x0000027587355800 Exception <a 'java/lang/NoSuchMethodError'{0x00000000895fe348}: 'java.lang.Object java.lang.invoke.Invokers$Holder.linkToTargetMethod(java.lang.Object, int, java.lang.Object, java.lang.Object, java.lang.Object, java.lang.Object)'> (0x00000000895fe348) thrown at [./src/hotspot/share/interpreter/linkResolver.cpp, line 773]
Event: 203.111 Thread 0x0000027587355800 Exception <a 'java/lang/NoSuchMethodError'{0x0000000089486820}: 'void java.lang.invoke.DirectMethodHandle$Holder.invokeSpecial(java.lang.Object, java.lang.Object, java.lang.Object, java.lang.Object, java.lang.Object, java.lang.Object, java.lang.Object, java.lang.Object, java.lang.Object)'> (0x0000000089486820) thrown at [./src/hotspot/share/interpreter/linkResolver.cpp, line 773]
Event: 203.177 Thread 0x0000027587355800 Exception <a 'java/lang/NoSuchMethodError'{0x00000000894a1480}: 'void java.lang.invoke.DirectMethodHandle$Holder.invokeStatic(java.lang.Object, java.lang.Object, java.lang.Object, java.lang.Object, java.lang.Object, java.lang.Object, java.lang.Object, java.lang.Object)'> (0x00000000894a1480) thrown at [./src/hotspot/share/interpreter/linkResolver.cpp, line 773]
Event: 203.580 Thread 0x0000027587361000 Exception <a 'java/lang/NoSuchMethodError'{0x00000000891b63e8}: 'java.lang.Object java.lang.invoke.DirectMethodHandle$Holder.invokeInterface(java.lang.Object, java.lang.Object, int)'> (0x00000000891b63e8) thrown at [./src/hotspot/share/interpreter/linkResolver.cpp, line 773]
Event: 203.730 Thread 0x0000027587355800 Exception <a 'java/lang/IncompatibleClassChangeError'{0x0000000088e0dec0}: Found class java.lang.Object, but interface was expected> (0x0000000088e0dec0) thrown at [./src/hotspot/share/interpreter/linkResolver.cpp, line 839]
Event: 204.145 Thread 0x0000027587355800 Exception <a 'java/lang/NoSuchMethodError'{0x0000000088ced6b8}: 'void java.lang.invoke.DirectMethodHandle$Holder.invokeVirtual(java.lang.Object, java.lang.Object, int)'> (0x0000000088ced6b8) thrown at [./src/hotspot/share/interpreter/linkResolver.cpp, line 773]
Event: 204.322 Thread 0x0000027587355800 Exception <a 'sun/nio/fs/WindowsException'{0x0000000088a8be78}> (0x0000000088a8be78) thrown at [./src/hotspot/share/prims/jni.cpp, line 615]
Event: 205.212 Thread 0x0000027587355800 Exception <a 'sun/nio/fs/WindowsException'{0x0000000087f46618}> (0x0000000087f46618) thrown at [./src/hotspot/share/prims/jni.cpp, line 615]
Event: 205.660 Thread 0x0000027587361000 Implicit null exception at 0x00000275f60a288d to 0x00000275f60a2988
Event: 207.580 Thread 0x0000027587355800 Exception <a 'java/lang/NoSuchMethodError'{0x0000000088824c40}: 'int java.lang.invoke.DirectMethodHandle$Holder.invokeInterface(java.lang.Object, java.lang.Object, int)'> (0x0000000088824c40) thrown at [./src/hotspot/share/interpreter/linkResolver.cpp, line 773]
Event: 215.054 Thread 0x0000027587355800 Exception <a 'sun/nio/fs/WindowsException'{0x0000000089fae140}> (0x0000000089fae140) thrown at [./src/hotspot/share/prims/jni.cpp, line 615]
Event: 234.987 Thread 0x0000027587355800 Exception <a 'sun/nio/fs/WindowsException'{0x0000000088c12cb8}> (0x0000000088c12cb8) thrown at [./src/hotspot/share/prims/jni.cpp, line 615]

Events (20 events):
Event: 248.269 loading class com/android/tools/r8/code/x3 done
Event: 248.429 loading class com/android/tools/r8/internal/DE
Event: 248.429 loading class com/android/tools/r8/internal/DE done
Event: 248.429 loading class com/android/tools/r8/internal/DE
Event: 248.429 loading class com/android/tools/r8/internal/DE done
Event: 248.429 loading class com/android/tools/r8/internal/CE
Event: 248.429 loading class com/android/tools/r8/internal/CE done
Event: 248.430 loading class com/android/tools/r8/code/F0
Event: 248.430 loading class com/android/tools/r8/code/F0 done
Event: 248.430 loading class com/android/tools/r8/code/F0
Event: 248.430 loading class com/android/tools/r8/code/F0 done
Event: 248.431 loading class com/android/tools/r8/code/F0
Event: 248.431 loading class com/android/tools/r8/code/F0 done
Event: 249.429 loading class com/android/tools/r8/internal/aa
Event: 249.429 loading class com/android/tools/r8/internal/aa done
Event: 249.542 Executing VM operation: G1CollectForAllocation
Event: 249.580 Executing VM operation: G1CollectForAllocation done
Event: 250.639 Executing VM operation: G1CollectForAllocation
Event: 250.653 Executing VM operation: G1CollectForAllocation done
Event: 256.137 Executing VM operation: G1CollectForAllocation


Dynamic libraries:
0x00007ff6a9860000 - 0x00007ff6a986a000 	C:\Program Files\Android\Android Studio\jre\bin\java.exe
0x00007ff9ae830000 - 0x00007ff9aea25000 	C:\WINDOWS\SYSTEM32\ntdll.dll
0x00007ff9ae300000 - 0x00007ff9ae3be000 	C:\WINDOWS\System32\KERNEL32.DLL
0x00007ff9ac440000 - 0x00007ff9ac709000 	C:\WINDOWS\System32\KERNELBASE.dll
0x00007ff9ac0c0000 - 0x00007ff9ac1c0000 	C:\WINDOWS\System32\ucrtbase.dll
0x00007ff998740000 - 0x00007ff998759000 	C:\Program Files\Android\Android Studio\jre\bin\jli.dll
0x00007ff998720000 - 0x00007ff998737000 	C:\Program Files\Android\Android Studio\jre\bin\VCRUNTIME140.dll
0x00007ff9ad310000 - 0x00007ff9ad4b1000 	C:\WINDOWS\System32\USER32.dll
0x00007ff9ac410000 - 0x00007ff9ac432000 	C:\WINDOWS\System32\win32u.dll
0x00007ff9aca30000 - 0x00007ff9aca5b000 	C:\WINDOWS\System32\GDI32.dll
0x00007ff9abf50000 - 0x00007ff9ac05b000 	C:\WINDOWS\System32\gdi32full.dll
0x00007ff9ac320000 - 0x00007ff9ac3bd000 	C:\WINDOWS\System32\msvcp_win.dll
0x00007ff9a1d80000 - 0x00007ff9a201a000 	C:\WINDOWS\WinSxS\amd64_microsoft.windows.common-controls_6595b64144ccf1df_6.0.19041.1110_none_60b5254171f9507e\COMCTL32.dll
0x00007ff9ada00000 - 0x00007ff9ada9e000 	C:\WINDOWS\System32\msvcrt.dll
0x00007ff9acd30000 - 0x00007ff9acd60000 	C:\WINDOWS\System32\IMM32.DLL
0x00007ff989090000 - 0x00007ff98912d000 	C:\Program Files\Android\Android Studio\jre\bin\msvcp140.dll
0x00007ff957cf0000 - 0x00007ff9587bf000 	C:\Program Files\Android\Android Studio\jre\bin\server\jvm.dll
0x00007ff9ad120000 - 0x00007ff9ad1cc000 	C:\WINDOWS\System32\ADVAPI32.dll
0x00007ff9acf30000 - 0x00007ff9acfcb000 	C:\WINDOWS\System32\sechost.dll
0x00007ff9ac900000 - 0x00007ff9aca2a000 	C:\WINDOWS\System32\RPCRT4.dll
0x00007ff9ae1e0000 - 0x00007ff9ae1e8000 	C:\WINDOWS\System32\PSAPI.DLL
0x00007ff9a5f10000 - 0x00007ff9a5f19000 	C:\WINDOWS\SYSTEM32\WSOCK32.dll
0x00007ff9a0270000 - 0x00007ff9a0297000 	C:\WINDOWS\SYSTEM32\WINMM.dll
0x00007ff9a02a0000 - 0x00007ff9a02aa000 	C:\WINDOWS\SYSTEM32\VERSION.dll
0x00007ff9acfd0000 - 0x00007ff9ad03b000 	C:\WINDOWS\System32\WS2_32.dll
0x00007ff9a9d70000 - 0x00007ff9a9d82000 	C:\WINDOWS\SYSTEM32\kernel.appcore.dll
0x00007ff9a18f0000 - 0x00007ff9a1901000 	C:\Program Files\Android\Android Studio\jre\bin\verify.dll
0x00007ff9a41b0000 - 0x00007ff9a4394000 	C:\WINDOWS\SYSTEM32\DBGHELP.DLL
0x00007ff9a4180000 - 0x00007ff9a41ac000 	C:\WINDOWS\SYSTEM32\dbgcore.DLL
0x00007ff9ac740000 - 0x00007ff9ac7c3000 	C:\WINDOWS\System32\bcryptPrimitives.dll
0x00007ff9a1800000 - 0x00007ff9a1829000 	C:\Program Files\Android\Android Studio\jre\bin\java.dll
0x00007ff9a5bf0000 - 0x00007ff9a5bfb000 	C:\Program Files\Android\Android Studio\jre\bin\jimage.dll
0x00007ff9a17e0000 - 0x00007ff9a17f8000 	C:\Program Files\Android\Android Studio\jre\bin\zip.dll
0x00007ff9adaa0000 - 0x00007ff9ae1df000 	C:\WINDOWS\System32\SHELL32.dll
0x00007ff9aa050000 - 0x00007ff9aa7e0000 	C:\WINDOWS\SYSTEM32\windows.storage.dll
0x00007ff9ae490000 - 0x00007ff9ae7e5000 	C:\WINDOWS\System32\combase.dll
0x00007ff9ab8d0000 - 0x00007ff9ab8fc000 	C:\WINDOWS\SYSTEM32\Wldp.dll
0x00007ff9ad4c0000 - 0x00007ff9ad56e000 	C:\WINDOWS\System32\SHCORE.dll
0x00007ff9ace70000 - 0x00007ff9acec5000 	C:\WINDOWS\System32\shlwapi.dll
0x00007ff9abe90000 - 0x00007ff9abeaf000 	C:\WINDOWS\SYSTEM32\profapi.dll
0x00007ff997310000 - 0x00007ff99732a000 	C:\Program Files\Android\Android Studio\jre\bin\net.dll
0x00007ff9a2f60000 - 0x00007ff9a3068000 	C:\WINDOWS\SYSTEM32\WINHTTP.dll
0x00007ff9ab630000 - 0x00007ff9ab69a000 	C:\WINDOWS\system32\mswsock.dll
0x00007ff9962b0000 - 0x00007ff9962c4000 	C:\Program Files\Android\Android Studio\jre\bin\nio.dll
0x00007ff9a1d40000 - 0x00007ff9a1d67000 	C:\Users\STT PLN\.gradle\native\8bec1ad78214c89d9ad589b4d07fe93259594b29d510b10fafb7a158f7737e5d\windows-amd64\native-platform.dll
0x00007ff988560000 - 0x00007ff98869d000 	C:\Users\STT PLN\.gradle\native\53dbd7edfb1c66fb8903c78663c9afc45aea4f116125fa6feffd364cf09443e8\windows-amd64\native-platform-file-events.dll
0x00007ff9a2b70000 - 0x00007ff9a2b7a000 	C:\Program Files\Android\Android Studio\jre\bin\management.dll
0x00007ff99c610000 - 0x00007ff99c61c000 	C:\Program Files\Android\Android Studio\jre\bin\management_ext.dll
0x00007ff9ab820000 - 0x00007ff9ab838000 	C:\WINDOWS\SYSTEM32\CRYPTSP.dll
0x00007ff9aafb0000 - 0x00007ff9aafe4000 	C:\WINDOWS\system32\rsaenh.dll
0x00007ff9ac710000 - 0x00007ff9ac737000 	C:\WINDOWS\System32\bcrypt.dll
0x00007ff9abe10000 - 0x00007ff9abe3e000 	C:\WINDOWS\SYSTEM32\USERENV.dll
0x00007ff9ab840000 - 0x00007ff9ab84c000 	C:\WINDOWS\SYSTEM32\CRYPTBASE.dll
0x00007ff9ab320000 - 0x00007ff9ab35b000 	C:\WINDOWS\SYSTEM32\IPHLPAPI.DLL
0x00007ff9ad1d0000 - 0x00007ff9ad1d8000 	C:\WINDOWS\System32\NSI.dll
0x00007ff9a4700000 - 0x00007ff9a4717000 	C:\WINDOWS\SYSTEM32\dhcpcsvc6.DLL
0x00007ff9a46c0000 - 0x00007ff9a46dd000 	C:\WINDOWS\SYSTEM32\dhcpcsvc.DLL
0x00007ff9ab360000 - 0x00007ff9ab42c000 	C:\WINDOWS\SYSTEM32\DNSAPI.dll
0x00007ff98b6f0000 - 0x00007ff98b717000 	C:\Program Files\Android\Android Studio\jre\bin\sunec.dll
0x00007ff9a2dc0000 - 0x00007ff9a2dca000 	C:\Windows\System32\rasadhlp.dll
0x00007ff9a2a60000 - 0x00007ff9a2adf000 	C:\WINDOWS\System32\fwpuclnt.dll
0x00007ff9a98c0000 - 0x00007ff9a9950000 	C:\WINDOWS\system32\apphelp.dll

dbghelp: loaded successfully - version: 4.0.5 - missing functions: none
symbol engine: initialized successfully - sym options: 0x614 - pdb path: .;C:\Program Files\Android\Android Studio\jre\bin;C:\WINDOWS\SYSTEM32;C:\WINDOWS\WinSxS\amd64_microsoft.windows.common-controls_6595b64144ccf1df_6.0.19041.1110_none_60b5254171f9507e;C:\Program Files\Android\Android Studio\jre\bin\server;C:\Users\STT PLN\.gradle\native\8bec1ad78214c89d9ad589b4d07fe93259594b29d510b10fafb7a158f7737e5d\windows-amd64;C:\Users\STT PLN\.gradle\native\53dbd7edfb1c66fb8903c78663c9afc45aea4f116125fa6feffd364cf09443e8\windows-amd64

VM Arguments:
jvm_args: --add-opens=java.base/java.util=ALL-UNNAMED --add-opens=java.base/java.lang=ALL-UNNAMED --add-opens=java.base/java.lang.invoke=ALL-UNNAMED --add-opens=java.base/java.util=ALL-UNNAMED --add-opens=java.prefs/java.util.prefs=ALL-UNNAMED --add-opens=java.prefs/java.util.prefs=ALL-UNNAMED --add-opens=java.base/java.nio.charset=ALL-UNNAMED --add-opens=java.base/java.net=ALL-UNNAMED --add-opens=java.base/java.util.concurrent.atomic=ALL-UNNAMED -Xmx2048m -Dfile.encoding=UTF-8 -Duser.country=ID -Duser.language=en -Duser.variant 
java_command: org.gradle.launcher.daemon.bootstrap.GradleDaemon 7.0.2
java_class_path (initial): C:\Users\STT PLN\.gradle\wrapper\dists\gradle-7.0.2-bin\857tjihv64xamwrf0h14cai3r\gradle-7.0.2\lib\gradle-launcher-7.0.2.jar
Launcher Type: SUN_STANDARD

[Global flags]
     intx CICompilerCount                          = 2                                         {product} {ergonomic}
     uint ConcGCThreads                            = 1                                         {product} {ergonomic}
     uint G1ConcRefinementThreads                  = 2                                         {product} {ergonomic}
   size_t G1HeapRegionSize                         = 1048576                                   {product} {ergonomic}
    uintx GCDrainStackTargetSize                   = 64                                        {product} {ergonomic}
   size_t InitialHeapSize                          = 67108864                                  {product} {ergonomic}
   size_t MarkStackSize                            = 4194304                                   {product} {ergonomic}
   size_t MaxHeapSize                              = 2147483648                                {product} {command line}
   size_t MaxNewSize                               = 1287651328                                {product} {ergonomic}
   size_t MinHeapDeltaBytes                        = 1048576                                   {product} {ergonomic}
    uintx NonNMethodCodeHeapSize                   = 5825164                                {pd product} {ergonomic}
    uintx NonProfiledCodeHeapSize                  = 122916538                              {pd product} {ergonomic}
    uintx ProfiledCodeHeapSize                     = 122916538                              {pd product} {ergonomic}
    uintx ReservedCodeCacheSize                    = 251658240                              {pd product} {ergonomic}
     bool SegmentedCodeCache                       = true                                      {product} {ergonomic}
     bool UseCompressedClassPointers               = true                                 {lp64_product} {ergonomic}
     bool UseCompressedOops                        = true                                 {lp64_product} {ergonomic}
     bool UseG1GC                                  = true                                      {product} {ergonomic}
     bool UseLargePagesIndividualAllocation        = false                                  {pd product} {ergonomic}

Logging:
Log output configuration:
 #0: stdout all=warning uptime,level,tags
 #1: stderr all=off uptime,level,tags

Environment Variables:
JAVA_HOME=C:\Program Files\Java\jdk1.8.0_111
PATH=C:\ProgramData\Oracle\Java\javapath;C:\WINDOWS\system32;C:\WINDOWS;C:\WINDOWS\System32\Wbem;C:\WINDOWS\System32\WindowsPowerShell\v1.0\;C:\WINDOWS\System32\OpenSSH\;C:\Program Files\dotnet\;C:\Program Files\Microsoft SQL Server\130\Tools\Binn\;C:\Users\STT PLN\AppData\Local\Programs\Python\Python38-32\Scripts\;C:\Users\STT PLN\AppData\Local\Programs\Python\Python38-32\;C:\Users\STT PLN\Documents\Scripts\;C:\Users\STT PLN\Documents\;C:\Users\STT PLN\AppData\Local\Microsoft\WindowsApps;C:\Users\STT PLN\.dotnet\tools;
USERNAME=STT PLN
OS=Windows_NT
PROCESSOR_IDENTIFIER=AMD64 Family 21 Model 112 Stepping 0, AuthenticAMD



---------------  S Y S T E M  ---------------

OS: Windows 10 , 64 bit Build 19041 (10.0.19041.1202)
OS uptime: 11 days 21:27 hours

CPU:total 2 (initial active 2) (2 cores per cpu, 1 threads per core) family 21 model 112 stepping 0 microcode 0x0, cmov, cx8, fxsr, mmx, sse, sse2, sse3, ssse3, sse4.1, sse4.2, popcnt, avx, avx2, aes, clmul, mmxext, 3dnowpref, lzcnt, sse4a, tsc, tscinvbit, tscinv, bmi1, bmi2, fma

Memory: 4k page, system-wide physical 3973M (306M free)
TotalPageFile size 8762M (AvailPageFile size 2M)
current process WorkingSet (physical memory assigned to process): 507M, peak: 507M
current process commit charge ("private bytes"): 592M, peak: 592M

vm_info: OpenJDK 64-Bit Server VM (11.0.10+0-b96-7249189) for windows-amd64 JRE (11.0.10+0-b96-7249189), built on Mar 31 2021 21:44:00 by "builder" with MS VC++ 14.0 (VS2015)

END.
